1cee2b121000d65f5d9bc5649da27b286d12da06
Warning: Cannot import `matplotlib.pyplot` module.
Warning: Cannot import `matplotlib.pyplot` module.
Warning: Cannot import `matplotlib.pyplot` module.
 Using default metadata directory  /home/oshaughn/unixhome/PersonalNRArchive/Archives//metadata_MasterInternalCache.pkl
  ---> Attempting to load all metadata from a cache file <---
 factored_likelihood.py : NRWaveformCatalogManager available 
Cannot load matplotlib.
  gwsurrogate:  /home/oshaughn/unixhome/Projects/LIGO-ILE-Applications/ILE-ROM/gwsurrogate-0.6.2/gwsurrogate/__init__.pyc
  NRSur7dq2:  1.1.0 /home/oshaughn/.local/lib/python2.7/site-packages/NRSur7dq2/__init__.pyc
 ROMWaveformManager: ILE version
 factored_likelihood.py: ROMWaveformManager as romwf
 EOB resumS git hash 
 Numba on 
 - No vegas - 
Event time from command line: 1000000014.236547946
====Loading injection XML: overlap-grid-0.xml.gz 0  =======
Fetching data segment with start= 1000000008.0
                             end= 1000000016.0
Reading channel H1:FAKE-STRAIN from cache /home/oshaughn/unixhome/Projects/LIGO-ILE-Applications/ILE-GPU/ILE-GPU-Paper/demos/zero_noise.cache
 ++ Loading from cache  /home/oshaughn/unixhome/Projects/LIGO-ILE-Applications/ILE-GPU/ILE-GPU-Paper/demos/zero_noise.cache H1:FAKE-STRAIN
{'H': [segment(LIGOTimeGPS(999999910, 0), LIGOTimeGPS(1000000118, 0))]}
 ++ Loaded data h(f) of length n=  131072  (=  8.0 s) at sampling rate  16384.0
Frequency binning: 0.125000, length 131072
Reading channel L1:FAKE-STRAIN from cache /home/oshaughn/unixhome/Projects/LIGO-ILE-Applications/ILE-GPU/ILE-GPU-Paper/demos/zero_noise.cache
 ++ Loading from cache  /home/oshaughn/unixhome/Projects/LIGO-ILE-Applications/ILE-GPU/ILE-GPU-Paper/demos/zero_noise.cache L1:FAKE-STRAIN
{'L': [segment(LIGOTimeGPS(999999910, 0), LIGOTimeGPS(1000000117, 0))]}
 ++ Loaded data h(f) of length n=  131072  (=  8.0 s) at sampling rate  16384.0
Frequency binning: 0.125000, length 131072
Reading PSD for instrument H1 from /home/oshaughn/unixhome/Projects/LIGO-ILE-Applications/ILE-GPU/ILE-GPU-Paper/demos/HLV-ILIGO_PSD.xml.gz
PSD deltaF after interpolation 0.125000
Reading PSD for instrument L1 from /home/oshaughn/unixhome/Projects/LIGO-ILE-Applications/ILE-GPU/ILE-GPU-Paper/demos/HLV-ILIGO_PSD.xml.gz
PSD deltaF after interpolation 0.125000
Recommended distance for sampling  1000.0  and probably near  1000.0  smaller than   1000.0
    (recommendation not yet used) 
 Adding parameter  psi  with limits  [0, 6.283185307179586]
 Adding parameter  phi_orb  with limits  [0, 6.283185307179586]
 Adding parameter  inclination  with limits  [-1, 1]
 Adding parameter  distance  with limits  [1.0, 1000.0]
 Adding parameter  right_ascension  with limits  [0, 6.283185307179586]
   Adapting  right_ascension
 Adding parameter  declination  with limits  [-1, 1]
   Adapting  declination
parameter                 lower limit upper limit              pinned? pin value 
distance                  1   1e+03                False           
psi                       0   6.28                False           
phi_orb                   0   6.28                False           
right_ascension           0   6.28                False           
declination               -1   1                False           
inclination               -1   1                False           
  Worthwhile modes :  set([(2, -1), (2, -2), (2, 1), (2, 2)])
 Packing  H1
 Packing  L1
 Using CUDA GPU likelihood, if cupy available 
 --------> Arguments  ('right_ascension', 'declination', 'phi_orb', 'inclination', 'psi', 'distance')
 .... mcsampler : providing verbose output ..... 
iteration Neff  sqrt(2*lnLmax) sqrt(2*lnLmarg) ln(Z/Lmax) int_var
 : 10000 1.0048110292802342204 12.929592197703807 12.065871908440007153 -10.794544744020728243 0.99521504915879380583
         Weight entropy (after histogram)  4.1637587182803007533 right_ascension
         Weight entropy (after histogram)  4.3754923913015432257 declination
 : 20000 1.1810404418046965249 12.929592197703807 12.02173710924851716 -11.326095637520131522 0.856680157488128554
         Weight entropy (after histogram)  3.8514130446087774422 right_ascension
         Weight entropy (after histogram)  4.3753074353995174586 declination
 : 30000 1.3373281101419776132 12.936833205637335 11.9983244121215576325 -11.700932345984309091 0.75964917889958287
         Weight entropy (after histogram)  3.5848253753137763794 right_ascension
         Weight entropy (after histogram)  4.3573310663367499115 declination
 : 40000 1.5243281508442212453 12.942941097818997 11.9852486296462835665 -11.936769773586939913 0.66876278041615580907
         Weight entropy (after histogram)  3.3585616659471042547 right_ascension
         Weight entropy (after histogram)  4.3158344783698992793 declination
 : 50000 1.8316270458992793048 12.960249673963135 11.981953072659225091 -12.2004360880268611644 0.57200852776533891243
         Weight entropy (after histogram)  3.1708335213945748837 right_ascension
         Weight entropy (after histogram)  4.2792433755880300546 declination
 : 60000 2.0032541968213875437 12.960249673963135 11.974209489534480953 -12.293189356101976405 0.52500190705980684185
         Weight entropy (after histogram)  3.0268596282896492072 right_ascension
         Weight entropy (after histogram)  4.2423365193521044504 declination
 : 70000 2.3661736703557677069 12.960249673963135 11.975240872608866651 -12.280838827229798867 0.44890562600389999822
         Weight entropy (after histogram)  2.8941518602306420481 right_ascension
         Weight entropy (after histogram)  4.193989414536737468 declination
 : 80000 2.548161932343836623 12.960249673963135 11.970276831294471636 -12.340272096818175586 0.41779464748127707305
         Weight entropy (after histogram)  2.7933774859433359095 right_ascension
         Weight entropy (after histogram)  4.1635009394803747587 declination
 : 90000 2.707008349267445968 12.960249673963135 11.965488078619507133 -12.397583325938011614 0.39389082175051783887
         Weight entropy (after histogram)  2.7187768905630496415 right_ascension
         Weight entropy (after histogram)  4.1334120633050709663 declination
 : 100000 3.0628458978358106496 12.989807870121794 11.967004001412188152 -12.762961866431396907 0.35126587065074339072
         Weight entropy (after histogram)  2.6609953592938766515 right_ascension
         Weight entropy (after histogram)  4.1150077647874367076 declination
 : 110000 3.2575795867073537538 12.989807870121794 11.964190081316263665 -12.796632100405826285 0.33080779520562976563
         Weight entropy (after histogram)  2.5540061681784665842 right_ascension
         Weight entropy (after histogram)  4.072800468887727625 declination
 : 120000 3.539228304511554296 12.989807870121794 11.963848462990043408 -12.800719228644446147 0.30559164456575854722
         Weight entropy (after histogram)  2.460493022829411906 right_ascension
         Weight entropy (after histogram)  4.0249767309482494208 declination
 : 130000 3.9595033439127266066 12.989807870121794 11.966536859418616315 -12.768552047426877667 0.27540033448563602637
         Weight entropy (after histogram)  2.3763494752597969528 right_ascension
         Weight entropy (after histogram)  3.9868459232476981665 declination
 : 140000 4.0631789824218444845 12.989807870121794 11.9625031912544589514 -12.816812950952500907 0.26844442835413122967
         Weight entropy (after histogram)  2.3194814100320829886 right_ascension
         Weight entropy (after histogram)  3.958947421299410164 declination
 : 150000 4.3665213207255922354 12.989807870121794 11.96275465072568524 -12.813804834609552434 0.2508458854182262092
         Weight entropy (after histogram)  2.2784383667514814173 right_ascension
         Weight entropy (after histogram)  3.932962349702740177 declination
 : 160000 4.8653403967279230387 12.989807870121794 11.966401373982251641 -12.770173329716898211 0.23267169111236620801
         Weight entropy (after histogram)  2.2531728054878366761 right_ascension
         Weight entropy (after histogram)  3.9170000053155549233 declination
 : 170000 5.0011155428351456624 12.989807870121794 11.963634950485291697 -12.8032736371024542105 0.22643684724386340469
         Weight entropy (after histogram)  2.2237455185716065544 right_ascension
         Weight entropy (after histogram)  3.9038184603719241312 declination
 : 180000 5.1349272385378162947 12.989807870121794 11.961064072886693755 -12.834027373488646757 0.22088001447606573893
         Weight entropy (after histogram)  2.2041593218137306009 right_ascension
         Weight entropy (after histogram)  3.889665471319957231 declination
 : 190000 5.2972649224512824385 12.989807870121794 11.95914584056903354 -12.856969633339250275 0.21425464851387906985
         Weight entropy (after histogram)  2.189450316713168085 right_ascension
         Weight entropy (after histogram)  3.8784461356372893137 declination
 : 200000 5.533957120664795757 12.99539040035888 11.958511932645593094 -12.937082007256349547 0.20565257921685525164
         Weight entropy (after histogram)  2.1686634135900884908 right_ascension
         Weight entropy (after histogram)  3.863501374149990296 declination
 : 210000 5.722412430547193024 12.99539040035888 11.957232204362689233 -12.952384834345760392 0.19919805615001639153
         Weight entropy (after histogram)  2.155640725272955556 right_ascension
         Weight entropy (after histogram)  3.8527144566178425527 declination
 : 220000 5.879229366277144891 12.99539040035888 11.955602552944192305 -12.971869626887024295 0.19407256770530987296
         Weight entropy (after histogram)  2.1368376454583827082 right_ascension
         Weight entropy (after histogram)  3.8417959236918651697 declination
 : 230000 6.1692686649043129874 12.99539040035888 11.955912265179085614 -12.968166782540021573 0.185323981950816285
         Weight entropy (after histogram)  2.1222346662397722343 right_ascension
         Weight entropy (after histogram)  3.830984729838658224 declination
 : 240000 6.5390782847287419045 12.99539040035888 11.957221696724437806 -12.952510476561046919 0.17551597865986566551
         Weight entropy (after histogram)  2.109414104027805293 right_ascension
         Weight entropy (after histogram)  3.821550028767573247 declination
 : 250000 6.649111528370897187 12.99539040035888 11.955203083034106372 -12.976645450575767536 0.1726667849999873014
         Weight entropy (after histogram)  2.0976543511050774397 right_ascension
         Weight entropy (after histogram)  3.8173504545254774397 declination
 : 260000 6.8577738979616529548 12.99539040035888 11.954507041995472481 -12.984966520310197949 0.16756078611193492526
         Weight entropy (after histogram)  2.082175850683715056 right_ascension
         Weight entropy (after histogram)  3.8047035204044551816 declination
 : 270000 7.048017205389663893 12.99539040035888 11.953638979488765709 -12.995343402893258525 0.16316907050419481305
         Weight entropy (after histogram)  2.0785152458844102644 right_ascension
         Weight entropy (after histogram)  3.7962491447808242042 declination
 : 280000 7.1533530787476662686 12.99539040035888 11.951837487252049088 -13.01687616802818126 0.16081572310900123564
         Weight entropy (after histogram)  2.0711396663884201542 right_ascension
         Weight entropy (after histogram)  3.7884670651850795022 declination
 : 290000 7.307635041264565582 12.99539040035888 11.950686744270389193 -13.030628999029871269 0.15752341938871810652
         Weight entropy (after histogram)  2.0658263763239452632 right_ascension
         Weight entropy (after histogram)  3.7829856086392801592 declination
 : 300000 7.505445871967690835 12.99539040035888 11.950084891231886535 -13.037821375045563856 0.15365506395850771379
         Weight entropy (after histogram)  2.0700228261075612414 right_ascension
         Weight entropy (after histogram)  3.7816446505361001264 declination
 : 310000 7.6358314024936779067 12.99539040035888 11.948782162548201605 -13.053388244854829896 0.15108047028055471093
         Weight entropy (after histogram)  2.0707420454291799229 right_ascension
         Weight entropy (after histogram)  3.7778281216355671939 declination
 : 320000 7.7886891636377260308 12.99539040035888 11.947783864250605754 -13.065316195446299942 0.14832390592219028781
         Weight entropy (after histogram)  2.0618059522698570867 right_ascension
         Weight entropy (after histogram)  3.7695398595425020265 declination
 : 330000 7.911920807403957543 12.99539040035888 11.946522170557011869 -13.080389843064759478 0.14604913476868252632
         Weight entropy (after histogram)  2.0626633665640717193 right_ascension
         Weight entropy (after histogram)  3.762480809423652669 declination
 : 340000 8.138157875923997943 12.99539040035888 11.946383242370476734 -13.082049542074796249 0.14218509281412308437
         Weight entropy (after histogram)  2.0674310406978862406 right_ascension
         Weight entropy (after histogram)  3.7594600583735242516 declination
 : 350000 8.242087018084439688 12.99539040035888 11.945018919318020974 -13.0983473374371377496 0.14042132503083589433
         Weight entropy (after histogram)  2.0622239854116567123 right_ascension
         Weight entropy (after histogram)  3.7534823136401346514 declination
 : 360000 8.46376474327415185 12.99539040035888 11.9448824275058031325 -13.099977725401404462 0.13695286984763127059
         Weight entropy (after histogram)  2.06050466535588132 right_ascension
         Weight entropy (after histogram)  3.7484459215010405187 declination
 : 370000 8.761319120475546306 12.99539040035888 11.945481281863300547 -13.092824301196627566 0.13284940641259384669
         Weight entropy (after histogram)  2.0624645738378904933 right_ascension
         Weight entropy (after histogram)  3.7463779132165756676 declination
 : 380000 8.995558661952595894 12.99539040035888 11.945457527945838722 -13.093108052890914429 0.12978170367153857756
         Weight entropy (after histogram)  2.0637622759186078053 right_ascension
         Weight entropy (after histogram)  3.7431741149309035001 declination
 : 390000 9.4759883145151864135 12.99539040035888 11.947638458639132847 -13.067053459693431516 0.12562394364385118936
         Weight entropy (after histogram)  2.0579220652932121959 right_ascension
         Weight entropy (after histogram)  3.7372668151547726277 declination
 : 400000 9.620984296652676124 12.99539040035888 11.946790371078388093 -13.077185743624223639 0.123784302088625208374
         Weight entropy (after histogram)  2.0479575277081987653 right_ascension
         Weight entropy (after histogram)  3.7280199729468124596 declination
 : 410000 9.752023390743983453 12.99539040035888 11.945855824193354509 -13.088350142662724007 0.122160082602881615725
         Weight entropy (after histogram)  2.041426549953095935 right_ascension
         Weight entropy (after histogram)  3.724445758676950108 declination
 : 420000 9.937787071176367775 12.99539040035888 11.945418176951537214 -13.093578117747775157 0.119963279831455353015
         Weight entropy (after histogram)  2.0401104676799707547 right_ascension
         Weight entropy (after histogram)  3.723190144125350757 declination
 : 430000 10.163131150937974895 12.99539040035888 11.945325397434926107 -13.094686403567930899 0.11745178695746363676
         Weight entropy (after histogram)  2.0347978936624094158 right_ascension
         Weight entropy (after histogram)  3.7190186955575857291 declination
 : 440000 10.349055883119878964 12.99539040035888 11.944918469775076747 -13.09954720408298804 0.115429085487966748196
         Weight entropy (after histogram)  2.0311268778262980023 right_ascension
         Weight entropy (after histogram)  3.712210369878120298 declination
 : 450000 10.575210163482260787 12.99539040035888 11.944846844623550351 -13.1004027581132749675 0.11304332312305307725
         Weight entropy (after histogram)  2.034161237647471208 right_ascension
         Weight entropy (after histogram)  3.7081574472006383454 declination
 : 460000 10.670898892442908005 12.99539040035888 11.943760871039982894 -13.113373956576983133 0.11204646815717374374
         Weight entropy (after histogram)  2.0339722847205297916 right_ascension
         Weight entropy (after histogram)  3.7070196222270374454 declination
 : 470000 10.804025897177870993 12.99539040035888 11.942998299706251386 -13.122481635476662777 0.110695159839818364674
         Weight entropy (after histogram)  2.031307622681050814 right_ascension
         Weight entropy (after histogram)  3.7049648719772088133 declination
 : 480000 10.959173155190302485 12.99539040035888 11.942429299593789891 -13.129277040971759079 0.109166065263141489354
         Weight entropy (after histogram)  2.0287489270466599206 right_ascension
         Weight entropy (after histogram)  3.702670567933281405 declination
 : 490000 11.116389205484235761 12.99539040035888 11.941895426474075013 -13.135652640448653612 0.107687839799254683856
         Weight entropy (after histogram)  2.0302066748023218385 right_ascension
         Weight entropy (after histogram)  3.7010276889030482132 declination
 : 500000 11.250105611377416944 12.99539040035888 11.941204920194018452 -13.143898355836951285 0.10644355427975102101
         Weight entropy (after histogram)  2.034105990287124926 right_ascension
         Weight entropy (after histogram)  3.70015787296209481 declination
 : 510000 11.403005747736973346 12.99539040035888 11.940677058875872801 -13.150201516687586634 0.10504872046432509603
         Weight entropy (after histogram)  2.0321764281820953093 right_ascension
         Weight entropy (after histogram)  3.6942633486821136854 declination
 : 520000 11.619979567681191029 12.99539040035888 11.940629400215248686 -13.150770592227483784 0.10324027080334064243
         Weight entropy (after histogram)  2.0344418204261282559 right_ascension
         Weight entropy (after histogram)  3.6894771949923166584 declination
 : 530000 12.016670462384133819 12.99539040035888 11.941845413465915515 -13.136249889311407239 0.10142679772488448751
         Weight entropy (after histogram)  2.0389039268023360083 right_ascension
         Weight entropy (after histogram)  3.6901988702299672502 declination
 : 540000 12.186217652062423353 12.99539040035888 11.941453389609511844 -13.1409313007616186456 0.10007448889175103843
         Weight entropy (after histogram)  2.0392367746080403532 right_ascension
         Weight entropy (after histogram)  3.6872053607592721993 declination
 : 550000 12.374711330789133247 12.99539040035888 11.941202180544636937 -13.143931070547872596 0.098625649842073902666
         Weight entropy (after histogram)  2.0359609182042744412 right_ascension
         Weight entropy (after histogram)  3.6849323434785877115 declination
 : 560000 12.580924363765722512 12.99539040035888 11.941077254490158955 -13.145422830018752364 0.097062665680106889924
         Weight entropy (after histogram)  2.034560066721500349 right_ascension
         Weight entropy (after histogram)  3.6801771305458743937 declination
 : 570000 12.743149280254984959 12.99539040035888 11.940667946994470112 -13.150310318679301731 0.095886445365931490404
         Weight entropy (after histogram)  2.03054861238324572 right_ascension
         Weight entropy (after histogram)  3.6792364229214483899 declination
 : 580000 13.017289489977567536 12.99539040035888 11.9409939608262819204 -13.146417442625000359 0.094003043226999592696
         Weight entropy (after histogram)  2.0307932090966238007 right_ascension
         Weight entropy (after histogram)  3.6764527178412168616 declination
 : 590000 13.118467743143238422 12.99539040035888 11.940210760878261379 -13.155769321773353807 0.09329531500219805213
         Weight entropy (after histogram)  2.033735775342856495 right_ascension
         Weight entropy (after histogram)  3.6716624429083050236 declination
 : 600000 13.343812651743997146 12.99539040035888 11.940229579500148397 -13.155544623284723273 0.091813874429490873656
         Weight entropy (after histogram)  2.0327971632181911273 right_ascension
         Weight entropy (after histogram)  3.6669794003440150526 declination
 : 610000 13.562487053126444913 12.99539040035888 11.9402065957583354205 -13.155819054174439975 0.09065201440047332086
         Weight entropy (after histogram)  2.0314848952886662206 right_ascension
         Weight entropy (after histogram)  3.6653492077394374186 declination
 : 620000 13.790962652900052402 12.99539040035888 11.940243889849354308 -13.155373754327448835 0.08924413555128130291
         Weight entropy (after histogram)  2.0313434960322998481 right_ascension
         Weight entropy (after histogram)  3.663107866477879896 declination
 : 630000 13.9265786811859841755 12.99539040035888 11.9397233959129264015 -13.161588443414616846 0.0884116377578172513
         Weight entropy (after histogram)  2.0311325907279870464 right_ascension
         Weight entropy (after histogram)  3.6563716155428736293 declination
 : 640000 14.108786903259818722 12.99539040035888 11.939493093656079266 -13.16433816213926139 0.08733052227254932169
         Weight entropy (after histogram)  2.0318869023478861456 right_ascension
         Weight entropy (after histogram)  3.6549284336670401121 declination
 : 650000 14.341678194835141176 12.999429943601392 11.939565783522759533 -13.215973879766515248 0.085985749522917294337
         Weight entropy (after histogram)  2.0353051351837517827 right_ascension
         Weight entropy (after histogram)  3.651302474760934875 declination
 : 660000 14.487439749178898602 12.999429943601392 11.939133994556998528 -13.221129159306962558 0.085152752899429257694
         Weight entropy (after histogram)  2.037853565308452403 right_ascension
         Weight entropy (after histogram)  3.6492624563120827704 declination
 : 670000 14.63879532303654883 12.999429943601392 11.938744955920227651 -13.225773868044899399 0.08430560249596697947
         Weight entropy (after histogram)  2.0393091376726321293 right_ascension
         Weight entropy (after histogram)  3.6445094593396872606 declination
 : 680000 14.830080986109309983 12.999429943601392 11.938591447411241235 -13.227606555199820641 0.083278473804350864636
         Weight entropy (after histogram)  2.0418625277485502325 right_ascension
         Weight entropy (after histogram)  3.6413019239352659477 declination
 : 690000 14.963585768428676326 12.999429943601392 11.938119290056336883 -13.233243337492630154 0.082560752898912173186
         Weight entropy (after histogram)  2.0412081994103527765 right_ascension
         Weight entropy (after histogram)  3.6375325982670172376 declination
 : 700000 15.201162834821873678 12.999429943601392 11.938233508132125575 -13.23187978195589963 0.0813694335708615239
         Weight entropy (after histogram)  2.0414375036279792306 right_ascension
         Weight entropy (after histogram)  3.6362430745465939897 declination
 : 710000 15.335978351979654965 12.999429943601392 11.937784943555970756 -13.2372347500044226926 0.08067322890706067241
         Weight entropy (after histogram)  2.0447900876820952103 right_ascension
         Weight entropy (after histogram)  3.6327034553242328648 declination
 : 720000 15.562335980417584351 12.999429943601392 11.937840715801088153 -13.236568951381120253 0.07954289103331406094
         Weight entropy (after histogram)  2.0428512480486517911 right_ascension
         Weight entropy (after histogram)  3.628164719645462304 declination
 : 730000 15.700065368727802629 13.00674551838143 11.937423373323670876 -13.3366760929805643066 0.078878087289472846844
         Weight entropy (after histogram)  2.0451906610515100254 right_ascension
         Weight entropy (after histogram)  3.6289016266777693294 declination
 : 740000 15.903668846287261887 13.00674551838143 11.937362999978738231 -13.337396793337018594 0.07793672341371521592
         Weight entropy (after histogram)  2.0440005314806932546 right_ascension
         Weight entropy (after histogram)  3.6280311045896987342 declination
 : 750000 16.063885378035128256 13.00674551838143 11.937078240238921937 -13.340796033174930492 0.077190382253938175403
         Weight entropy (after histogram)  2.043124936005023571 right_ascension
         Weight entropy (after histogram)  3.6269918443890356383 declination
 : 760000 16.295769373414110632 13.00674551838143 11.937169274863405923 -13.339709341596242942 0.076168093092341958056
         Weight entropy (after histogram)  2.0399553247092484759 right_ascension
         Weight entropy (after histogram)  3.6267584105581758217 declination
 : 770000 16.451736511762010788 13.00674551838143 11.9368721677823177415 -13.343255914979644319 0.07548458024285068104
         Weight entropy (after histogram)  2.0414671534393257727 right_ascension
         Weight entropy (after histogram)  3.6242108095536874342 declination
 : 780000 16.571745034424434216 13.00674551838143 11.936400066541062811 -13.348891215706964783 0.07495583720903796737
         Weight entropy (after histogram)  2.0425076418234994102 right_ascension
         Weight entropy (after histogram)  3.6249741246715436508 declination
 : 790000 16.782223461234211959 13.00674551838143 11.936390183686145902 -13.349009181368217188 0.074086964531330766804
         Weight entropy (after histogram)  2.0406416429938273372 right_ascension
         Weight entropy (after histogram)  3.6254206210935606776 declination
 : 800000 16.960190921179204999 13.00674551838143 11.936220106461527554 -13.351039275019489054 0.07334867412710793794
         Weight entropy (after histogram)  2.0371428647680285046 right_ascension
         Weight entropy (after histogram)  3.6246615253221866027 declination
 : 810000 6.432264859976325822 13.00674551838143 11.9502154198945190556 -13.183890199025340949 0.16711908755076147496
         Weight entropy (after histogram)  2.0391397145511401285 right_ascension
         Weight entropy (after histogram)  3.6224654765216067547 declination
 : 820000 6.499074628912693727 13.00674551838143 11.9500533296573111025 -13.1858271991408152884 0.16541346541493191686
         Weight entropy (after histogram)  2.0398267437620994475 right_ascension
         Weight entropy (after histogram)  3.6217617057960033956 declination
 : 830000 6.537327035760740166 13.00674551838143 11.949530074451168881 -13.192079989861230295 0.16445119978491370865
         Weight entropy (after histogram)  2.0379055014806720255 right_ascension
         Weight entropy (after histogram)  3.6209966375161836173 declination
 : 840000 6.5954987613046871793 13.00674551838143 11.949269211777044244 -13.195197142206317023 0.16301047616384749063
         Weight entropy (after histogram)  2.0378894714852953682 right_ascension
         Weight entropy (after histogram)  3.6185391404835462242 declination
 : 850000 6.6865228162831767504 13.00674551838143 11.949425882462515409 -13.193325029735176575 0.16084430512877606349
         Weight entropy (after histogram)  2.0387147851800614317 right_ascension
         Weight entropy (after histogram)  3.6175177096889830403 declination
 : 860000 6.732801952790111894 13.00674551838143 11.94902429778899957 -13.1981236553917620075 0.15974617802980586912
         Weight entropy (after histogram)  2.0405912502890357625 right_ascension
         Weight entropy (after histogram)  3.6151130599471596515 declination
 : 870000 6.79741129218611022 13.00674551838143 11.948856051089345301 -13.200134025140477699 0.15824781553985551372
         Weight entropy (after histogram)  2.0372612594683356308 right_ascension
         Weight entropy (after histogram)  3.6111409737883725071 declination
 : 880000 6.846253829490262982 13.00674551838143 11.9484987791856401805 -13.204402951867342246 0.15712498590695972442
         Weight entropy (after histogram)  2.0299010684323267252 right_ascension
         Weight entropy (after histogram)  3.6069497931694665053 declination
 : 890000 6.8956496687455369602 13.00674551838143 11.94815476099550384 -13.208513393617946401 0.15600785827036200802
         Weight entropy (after histogram)  2.0281466994851758585 right_ascension
         Weight entropy (after histogram)  3.603815444171163778 declination
 : 900000 6.938239313844677426 13.00674551838143 11.947734940726864644 -13.213529383034921243 0.15505521114021011782
         Weight entropy (after histogram)  2.0300143474304386555 right_ascension
         Weight entropy (after histogram)  3.5956569591525698686 declination
 : 910000 6.9909464062594586604 13.00674551838143 11.94744350654026649 -13.217011318982119755 0.15389536289082566344
         Weight entropy (after histogram)  2.0276312881951089116 right_ascension
         Weight entropy (after histogram)  3.5935381449939948618 declination
 : 920000 7.0425918564680572097 13.00674551838143 11.947144798896788134 -13.2205800670644210565 0.15277608746415395388
         Weight entropy (after histogram)  2.0274134353881845475 right_ascension
         Weight entropy (after histogram)  3.593347071631393038 declination
 : 930000 7.1188065122476219945 13.00674551838143 11.947140857095706291 -13.220627160324945379 0.1511597633558039515
         Weight entropy (after histogram)  2.0251460549626312093 right_ascension
         Weight entropy (after histogram)  3.58980109342137343 declination
 : 940000 7.1700211621394865174 13.00674551838143 11.946845655647193004 -13.22415393003960471 0.15009811323907693154
         Weight entropy (after histogram)  2.0233694718447726702 right_ascension
         Weight entropy (after histogram)  3.5877545194714863604 declination
 : 950000 7.2083601063626410134 13.00674551838143 11.94640626488375514 -13.229403167140792355 0.14931098527142840441
         Weight entropy (after histogram)  2.021263053543793811 right_ascension
         Weight entropy (after histogram)  3.5857654892361066651 declination
 : 960000 7.265230428659744653 13.00674551838143 11.946187555768507188 -13.232015931168539122 0.14815065763078263913
         Weight entropy (after histogram)  2.0184206538497284067 right_ascension
         Weight entropy (after histogram)  3.5829957168919463126 declination
 : 970000 7.340919622632340274 13.00674551838143 11.946187666495869985 -13.232014608398689461 0.14664080581541077578
         Weight entropy (after histogram)  2.0201292367644648296 right_ascension
         Weight entropy (after histogram)  3.5795518147268240794 declination
 : 980000 7.3984379950463000555 13.00674551838143 11.945982433740241328 -13.234466336352499506 0.14551218633233298984
         Weight entropy (after histogram)  2.0200751079359992326 right_ascension
         Weight entropy (after histogram)  3.578068876950412622 declination
 : 990000 7.512092198092284075 13.00674551838143 11.946408740809479292 -13.22937358872314486 0.14335307096242396621
         Weight entropy (after histogram)  2.022929061667168017 right_ascension
         Weight entropy (after histogram)  3.5777629583906941197 declination
 : 1000000 7.5523657671207815355 13.00674551838143 11.946015018485084492 -13.234077079032112355 0.14259390823395508726
         Weight entropy (after histogram)  2.0220944625564961994 right_ascension
         Weight entropy (after histogram)  3.5757458448216353794 declination
 : 1010000 7.6286431977383158116 13.00674551838143 11.9460232901225830915 -13.233978265892116621 0.14118808385319353273
 : 1020000 7.6825385445850287573 13.00674551838143 11.945787873139692239 -13.236790534942043218 0.14021081488984920148
 : 1030000 7.741933614530748156 13.00674551838143 11.94561586736136269 -13.238845264689928415 0.13914901432208115194
 : 1040000 7.7757038968376498457 13.00674551838143 11.94517139469236738 -13.244154665679310497 0.1385470663857623868
 : 1050000 7.849349793263340708 13.00674551838143 11.94515944518361689 -13.244297404538022102 0.13726708409488441914
 : 1060000 7.880960022877584303 13.00674551838143 11.944702371240437939 -13.249757121209238701 0.1367199123842195891
 : 1070000 7.9286572918194767674 13.00674551838143 11.9444214261622926225 -13.25311288708528093 0.13590372468264070605
 : 1080000 7.9851219832403294795 13.007232257810255 11.944236733009077978 -13.261649937228146334 0.13495269433628232509
 : 1090000 8.037596212352049163 13.007232257810255 11.944013472346939542 -13.264316590507234536 0.13408314113755426832
 : 1100000 8.109819942663049772 13.007232257810255 11.9439978262141666705 -13.264503468005463115 0.1329132322819017224
 : 1110000 8.166604259645558385 13.007232257810255 11.943824322382846507 -13.266575782337801229 0.13199932380645668025
 : 1120000 8.211606926236498668 13.007232257810255 11.943533522123651421 -13.27004900726413536 0.13128064234790782625
 : 1130000 8.268456920447413316 13.007232257810255 11.943366930761903708 -13.272038682901324491 0.1303866035371233477
 : 1140000 8.35242871484667606 13.007232257810255 11.9434752604370609435 -13.270744855973772125 0.12909490044891103678
 : 1150000 8.429240991664296755 13.007232257810255 11.943510483867632212 -13.270324165181811425 0.12793429897678862494
 : 1160000 8.470284641469863832 13.007232257810255 11.943192258265005276 -13.274124845369254251 0.12731960521861171586
 : 1170000 8.51062095348447175 13.007232257810255 11.942871322151935643 -13.277957795570270817 0.12672438667865503422
 : 1180000 8.56165813738732603 13.007232257810255 11.942659334559856373 -13.28048951363499678 0.12597660850301733224
 : 1190000 8.695670311081492163 13.007232257810255 11.943253198302931365 -13.273397024923232895 0.12430104375600981553
 : 1200000 8.778367543519221454 13.007232257810255 11.943345046903814979 -13.272300049608887283 0.123144692488137094793
 : 1210000 8.813150708966172421 13.007232257810255 11.942981302441866744 -13.276644309071818625 0.12266256903033203282
 : 1220000 8.859981056485163562 13.007232257810255 11.9427358940817465935 -13.279575186415564905 0.122018730951092870534
 : 1230000 8.941120434335272132 13.007232257810255 11.942815688964855403 -13.278622214017285576 0.120977608388338958754
 : 1240000 9.006282653119447537 13.007232257810255 11.942745712512490076 -13.279457927442100365 0.1201449628901825344
 : 1250000 9.231648417323387724 13.007232257810255 11.944142549785627069 -13.2627748795100820975 0.118567155504615066993
 : 1260000 9.284798844599593068 13.007232257810255 11.94395607486646595 -13.265002145140054511 0.117894549680412808235
 : 1270000 9.3501819047857454735 13.007232257810255 11.94388173483119363 -13.265890056492730703 0.11707739907842013635
 : 1280000 9.438909137506006698 13.007232257810255 11.94401581447378821 -13.264288616109857322 0.11607392739456568313
 : 1290000 9.500878147617050069 13.007232257810255 11.943912136538106554 -13.26552694163869385 0.1153286410019865585
 : 1300000 9.547816259351283983 13.007232257810255 11.943678223232091313 -13.268320754255589669 0.11476871389015290611
 : 1310000 9.6252494575398004 13.007232257810255 11.943712924414280133 -13.267906293899474637 0.113855887652516968735
 : 1320000 9.692898725557131901 13.007232257810255 11.9436626158622220565 -13.268507163537424043 0.11307319923908764784
 : 1330000 9.753629942571219616 13.007232257810255 11.943553669273655899 -13.269808378899727794 0.11238145599260522421
 : 1340000 9.8231842547057007685 13.007232257810255 11.943521446219358377 -13.27019323615895556 0.111594464889444731285
 : 1350000 9.861764700960172217 13.007232257810255 11.943227125532321551 -13.273708418284312492 0.11116156313017235341
 : 1360000 10.086393827593782211 13.007232257810255 11.944494901017688077 -13.258566284091057447 0.10928140964651588429
 : 1370000 10.142412063311495281 13.007232257810255 11.94434524419150861 -13.260353848089677771 0.10868430052793947373
 : 1380000 10.181317818952456787 13.007232257810255 11.944056890810388613 -13.2637979988522687474 0.10827196670248555897
 : 1390000 10.220235773251425133 13.007232257810255 11.943771804356911471 -13.267203047034256132 0.10786202067834989188
 : 1400000 10.276763688216096207 13.007232257810255 11.943633426025625304 -13.268855796671524518 0.107276604176223565696
 : 1410000 10.307595336810601376 13.007232257810255 11.943288314409155878 -13.272977623758684583 0.106958463018988442755
 : 1420000 10.359047378060924121 13.007232257810255 11.9431134934894312314 -13.275065545125169224 0.10643316503492460773
 : 1430000 10.408990274804997195 13.007232257810255 11.942928618062963492 -13.277273516236169047 0.10592999472911451615
 : 1440000 10.4588037478197722965 13.007232257810255 11.942744870771922546 -13.279467980135300012 0.10543125762288328307
 : 1450000 10.5001805170038318635 13.007232257810255 11.942496007351040313 -13.282440061512062933 0.10502016465949698304
 : 1460000 10.554167088608059193 13.007232257810255 11.94234992629482849 -13.284184623272784764 0.104488969385504811304
 : 1470000 10.6130131885346660325 13.007232257810255 11.9422439312538385256 -13.285450447525264522 0.103921617850701569015
 : 1480000 10.6735372819932476 13.007232257810255 11.942152401414499086 -13.286543515004788842 0.103338614656933541796
 : 1490000 10.721751100373093209 13.007232257810255 11.941965911974431818 -13.288770582930170987 0.10288691998736967258
 : 1500000 10.780978461245594012 13.007232257810255 11.941867087664469406 -13.289950734587894381 0.10233039548949995213
 : 1510000 10.8401766084939034365 13.007232257810255 11.941769231354907486 -13.291119316842443514 0.10178423024134794213
 : 1520000 10.895113472211510448 13.007232257810255 11.941639803534128201 -13.292664905634526511 0.10127554003362762028
 : 1530000 10.948590975316626137 13.007232257810255 11.941500708423888282 -13.294325919665719644 0.10079237084231556571
 : 1540000 11.0415681446824408135 13.007232257810255 11.941663301780547514 -13.292384297763688586 0.09998886121008034067
 : 1550000 11.100295973708611458 13.007232257810255 11.941565508043631252 -13.29355211286115801 0.09947760586050575089
 : 1560000 11.172399807732348685 13.007232257810255 11.941569173511958315 -13.293508341424294897 0.09885378567378846107
 : 1570000 11.219826165952808981 13.007232257810255 11.941388808468023335 -13.295662166807153445 0.098439590303581966455
 : 1580000 11.276984604658219808 13.007232257810255 11.941282643931593055 -13.296929913178883793 0.09794566610240707384
 : 1590000 11.345916541518476082 13.007232257810255 11.941264626244710959 -13.297145067308214238 0.09735840722384314486
 : 1600000 11.402829948211236321 13.007232257810255 11.941158611000702479 -13.298411017771719418 0.09688087745708967023
 : 1610000 11.440318613244535404 13.007232257810255 11.940911707863390501 -13.301359296815335825 0.09656542345487480772
 : 1620000 11.486666915736913669 13.007232257810255 11.940731750189328974 -13.3035081393200747615 0.09617972090286104052
 : 1630000 11.5334470033445965565 13.007232257810255 11.940556752884566201 -13.305597719881224819 0.095794074130670262885
 : 1640000 11.59459630909229961 13.007232257810255 11.940487382216612035 -13.306426041872772267 0.095295941282239574163
 : 1650000 11.656337476750013762 13.007232257810255 11.940423048094248307 -13.307194220579662683 0.09479937750836849939
 : 1660000 11.69520977711636123 13.007232257810255 11.940195834655256184 -13.309907219350467562 0.09448933439285396321
 : 1670000 11.736385123090837723 13.007232257810255 11.939987167457524039 -13.3123987247846583964 0.094160655199403951
 : 1680000 11.766605832708819962 13.007232257810255 11.939702530795046343 -13.315797242373015208 0.093920664964610395145
 : 1690000 11.827338886331549585 13.007232257810255 11.939636655079560934 -13.316583776650109339 0.09344649579061019414
 : 1700000 11.8795060650278074075 13.007232257810255 11.939511131960895595 -13.318082469200759263 0.093040105425860850816
 : 1710000 11.919142114474934862 13.007232257810255 11.939298879615120516 -13.320616635920396492 0.09273594854176659442
 : 1720000 11.9622184139184673975 13.007232257810255 11.93911265352071634 -13.322840027580592243 0.09240518303635957845
 : 1730000 12.001174825619577555 13.007232257810255 11.9388994206953708245 -13.325385815569701961 0.09210862374842407426
 : 1740000 12.052087504320328314 13.007232257810255 11.938771236496531729 -13.326916185611369918 0.09172359592674431319
 : 1750000 12.151759477269638755 13.007232257810255 11.93898109006205856 -13.3244107698801224765 0.09099375409331198109
 : 1760000 12.204232952170306039 13.007232257810255 11.9388647363074608876 -13.325799908386923701 0.09060738237995407122
 : 1770000 12.272191751922840256 13.007232257810255 11.938855294641335967 -13.325912631117101975 0.090136094568731046034
 : 1780000 12.339783643090361488 13.007232257810255 11.938843467536011604 -13.326053833146183816 0.08965865958556546144
 : 1790000 12.396330227630333637 13.007232257810255 11.938757172309936039 -13.327084094618862599 0.089254710800754913103
 : 1800000 12.482582927392398209 13.007232257810255 11.938871319524277015 -13.325721312230156795 0.08864652868979834568
 : 1810000 12.559873341888380297 13.007232257810255 11.938924305111065612 -13.325088722723962047 0.08811313562462133998
 : 1820000 12.616280500136743951 13.007232257810255 11.938838145491896234 -13.326117372183642465 0.08772466600713587457
 : 1830000 12.656086765056187828 13.007232257810255 11.93864304265048838 -13.328446654396377047 0.08745296904886064978
 : 1840000 12.707708782691881744 13.007232257810255 11.938527528852238217 -13.329825725728467682 0.087106750468858595565
 : 1850000 12.762281857493728574 13.007232257810255 11.938432476829993067 -13.330960502395271021 0.08674770643222015779
 : 1860000 12.816465759498440907 13.007232257810255 11.938335796424287729 -13.332114710217066303 0.08638609304200309677
 : 1870000 12.849986344028792333 13.007232257810255 11.938105450017739591 -13.33486463643820414 0.086162810702718390946
 : 1880000 12.9003030060484521115 13.007232257810255 11.937986059064554765 -13.336289931100002874 0.08583021231381469942
 : 1890000 12.935738464263300071 13.007232257810255 11.937771452448828685 -13.33885187885872408 0.08559638030287142471
 : 1900000 12.977186263077124789 13.007232257810255 11.937597377774306215 -13.34092992738783659 0.085326095953010024325
 : 1910000 13.028191853114475751 13.007232257810255 11.93748624473174895 -13.342256582729975695 0.08499886377704140818
 : 1920000 13.103393846190895718 13.007232257810255 11.937530953506362983 -13.341722871348564605 0.08453447114525102751
 : 1930000 13.159496272178656486 13.007232257810255 11.93745368118148295 -13.342645309133163309 0.08417864725047696556
 : 1940000 13.242986587810720217 13.007232257810255 11.9375505590730195005 -13.3414888290975522725 0.08367060268868340227
 : 1950000 13.333215261081936808 13.007232257810255 11.937688678092678527 -13.3398400167787712575 0.083123148715467386746
 : 1960000 13.423719151346917664 13.007232257810255 11.93782687971298658 -13.338190199310881817 0.082573145650184105226
 : 1970000 13.493285134299768888 13.007232257810255 11.937833569924738529 -13.338110332698818961 0.0821693580267334136
 : 1980000 13.5548368167470004945 13.007232257810255 11.937790679157384313 -13.338622354621370983 0.081804043265365112295
 : 1990000 13.595440449207520152 13.007232257810255 11.937619225526027346 -13.340669117485518015 0.081563810806639497815
 : 2000000 13.67324307480471614 13.007232257810255 11.937677347997875542 -13.3399752718590370315 0.08110821402601399746
  Worthwhile modes :  set([(2, -1), (2, -2), (2, 1), (2, 2)])
 Packing  H1
 Packing  L1
 Using CUDA GPU likelihood, if cupy available 
 --------> Arguments  ('right_ascension', 'declination', 'phi_orb', 'inclination', 'psi', 'distance')
 .... mcsampler : providing verbose output ..... 
iteration Neff  sqrt(2*lnLmax) sqrt(2*lnLmarg) ln(Z/Lmax) int_var
 : 10000 7.0263504536555100406 12.984113962221139 11.911426434822706279 -13.3525678358763680645 0.26449142204754951958
 : 20000 8.002980175564146327 12.984113962221139 11.922753726045634495 -13.217579486005421173 0.20464383649543194571
 : 30000 11.387329024508687684 12.984113962221139 11.918326254282794013 -13.270357340209683994 0.15840180208005160437
 : 40000 14.241359617809368202 12.984113962221139 11.912952397399737168 -13.334390280616878893 0.13566689461886081609
 : 50000 16.301519911162299667 12.984113962221139 11.927235579915247097 -13.164133402574851199 0.12095721283990250023
 : 60000 19.361880584094089745 12.984113962221139 11.926374184788438293 -13.1744070941789085324 0.106556417864957049276
 : 70000 22.50988505246712652 12.984113962221139 11.9260805172213778386 -13.1779094403492879825 0.09928798341677561487
 : 80000 9.166961003399561901 12.984113962221139 11.933596491165810323 -13.0882450849904815315 0.13619997328233547251
 : 90000 10.030520317791688621 12.984113962221139 11.931270361797559895 -13.116001468818513656 0.12650503204715126768
 : 100000 11.365259450257189468 13.001532874973927 11.932910333748818539 -13.3227540328692366164 0.11525429812230126912
 : 110000 12.32056953263181041 13.001532874973927 11.931686656650698542 -13.337355313265744271 0.10803204742189561606
 : 120000 13.880478280231084167 13.001532874973927 11.934385202987082195 -13.305153462875396998 0.09960770655238496519
 : 130000 14.576413504071886341 13.001532874973927 11.931777208378950774 -13.336274874318212701 0.09544340061172355622
 : 140000 3.9653552204128258492 13.001532874973927 11.956806678576883146 -13.037315575083528452 0.2608582539133852054
 : 150000 4.3889494301634425157 13.001532874973927 11.959524618608603009 -13.0048139979612809095 0.24136957648152982456
 : 160000 4.5403366742765116186 13.001532874973927 11.956963436287513177 -13.035441241155658949 0.23343285253918884481
 : 170000 4.7995611334569436425 13.001532874973927 11.956536789816059695 -13.040542546401443523 0.22168998847486330128
 : 180000 5.1099555875939486277 13.001532874973927 11.956997434052843528 -13.035034730540764433 0.20893714329207759455
 : 190000 5.3155261344750360554 13.001532874973927 11.95577415997699332 -13.049660667327116416 0.20100796382065919281
 : 200000 5.617531146510751424 13.001532874973927 11.956105959719732151 -13.04569368949105785 0.19170520495623606597
 : 210000 5.7490832261968492565 13.001532874973927 11.953961086553400337 -13.071335720097430756 0.18741670871456911167
 : 220000 5.9369274563428881806 13.001532874973927 11.952759024335107945 -13.085704402601725745 0.18170147975289973606
 : 230000 6.2875617193082334283 13.001532874973927 11.953840721676473527 -13.0727745499085498335 0.17197287205365471678
 : 240000 6.4278709943680626487 13.001532874973927 11.9521265398224349535 -13.093264137550000653 0.16836264363389406227
 : 250000 6.631764445962299735 13.001532874973927 11.9513237709050856765 -13.102858611013428136 0.16344150704481349255
 : 260000 6.8076841439658943344 13.001532874973927 11.9502326606056803095 -13.1158982282105481265 0.15930781895802048924
 : 270000 6.9997021045566182444 13.001532874973927 11.949402126434458755 -13.125822959895724236 0.15507013671329806437
 : 280000 7.1312868916538251136 13.001532874973927 11.947917145816033314 -13.1435664878715326095 0.15227257351050270998
 : 290000 7.278410844966430629 13.001532874973927 11.9466892134876723364 -13.158236967682557024 0.14925827435248252254
 : 300000 7.5260929615241473575 13.001532874973927 11.946652545918200879 -13.158675023066991168 0.14454175364143440233
 : 310000 7.682159230588446872 13.001532874973927 11.94562583684422105 -13.170940232573808311 0.14166975787457658345
 : 320000 7.865105529030934517 13.001532874973927 11.944938251421410047 -13.179153634378720054 0.13846124567369250165
 : 330000 8.13985508782597132 13.001532874973927 11.9452366807757964775 -13.175588869638122806 0.13412777327653189642
 : 340000 8.472161704885469268 13.001532874973927 11.946087228414530524 -13.165428515069526751 0.12991510180021493874
 : 350000 8.664612344258646805 13.001532874973927 11.945540924255371593 -13.171954562983967836 0.12711719294366036032
 : 360000 8.894178926296172475 13.001532874973927 11.945371734277286747 -13.173975614478529897 0.12408319686893634557
 : 370000 9.033619890025504534 13.001532874973927 11.944380277953133913 -13.185818437336014275 0.122209150407554155294
 : 380000 9.297452721721138965 13.001532874973927 11.944557686745004589 -13.183699383524318964 0.118909204596020820366
 : 390000 9.541979215233975498 13.001532874973927 11.944556429326839196 -13.183714402827341312 0.115992684034269566324
 : 400000 9.7287335353806160335 13.001532874973927 11.9440595390992045435 -13.189649412740555315 0.11383315155763446305
 : 410000 9.885950139169918152 13.001532874973927 11.943334322420400678 -13.198311180961320853 0.11209976837490733126
 : 420000 10.018707211118526969 13.001532874973927 11.942433530245638642 -13.209069237346252948 0.110654588166185096176
 : 430000 10.191911215824028595 13.001532874973927 11.9418984366724291075 -13.215459413614203392 0.10882909499894795942
 : 440000 10.354002535194867131 13.001532874973927 11.9412946026281268285 -13.222670156136089842 0.10719629380202215201
 : 450000 10.519465551640110196 13.001532874973927 11.940740326892411897 -13.229288772376554678 0.10556934493701822727
 : 460000 10.670352720656111074 13.001532874973927 11.940092343819957024 -13.237025960039929137 0.104124848116629268205
 : 470000 10.933233781370461204 13.001532874973927 11.940329508315311215 -13.234194165941225711 0.10181304990962450438
 : 480000 11.115862838173150423 13.001532874973927 11.939953687156889854 -13.238681523788201969 0.10019851993582493541
 : 490000 11.345255561168891276 13.001532874973927 11.939937538375832278 -13.238874339355741899 0.0982923358153065692
 : 500000 11.826451404869907822 13.001532874973927 11.941724375127076172 -13.217538023761827605 0.099617678076407438846
 : 510000 11.95750882539502618 13.001532874973927 11.940988959535633064 -13.226319883637966207 0.098559513720082767734
 : 520000 12.139798698970374067 13.001532874973927 11.9406298283837355246 -13.230608200270207904 0.09719056835527978403
 : 530000 12.350956327934458875 13.001532874973927 11.940478754719078424 -13.232412103565069646 0.09559971138540736538
 : 540000 12.4743685674393743465 13.001532874973927 11.93974596395756011 -13.241161707593483397 0.09467906843145513132
 : 550000 12.7133736397207577195 13.001532874973927 11.939798671722577754 -13.240532388879790518 0.09315561921897025441
 : 560000 13.012603631821732923 13.001532874973927 11.940237985162588106 -13.235286978354135749 0.09115928687455480575
 : 570000 13.192284946611783492 13.001532874973927 11.9399041688875833305 -13.239272768404360528 0.08996140397496985739
 : 580000 13.325349277918431925 13.001532874973927 11.939288088940072261 -13.2466285141607651304 0.08908710611762303054
 : 590000 13.482560946935892355 13.001532874973927 11.938838677922208594 -13.2519940607882517475 0.088077105697561380664
 : 600000 13.741199949114266349 13.001532874973927 11.939022482369699317 -13.249799632249337933 0.086493475279366098826
 : 610000 14.067087940673814183 13.001532874973927 11.939601239581320104 -13.242889669408008761 0.08466474179338421547
 : 620000 14.459536368264846042 13.001532874973927 11.940543926646217545 -13.231633917429970818 0.08345069182139274302
 : 630000 14.75297129156606514 13.001532874973927 11.940886453154803104 -13.2275439059459596625 0.0823735685595819575
 : 640000 14.933332281517750277 13.001532874973927 11.940585208516686363 -13.231140988590167372 0.08142185393674457934
 : 650000 15.104447631905695658 13.001532874973927 11.94024093891570621 -13.235251709834593856 0.08054688566838641383
 : 660000 15.3763771036200668045 13.001532874973927 11.940456649503401381 -13.232676050178909577 0.07927991750803653923
 : 670000 15.556500845027799365 13.001532874973927 11.940172599808545033 -13.236067692904531896 0.078406839932181266575
 : 680000 15.711295219506936211 13.001532874973927 11.93976105734133356 -13.240981496311586781 0.077672658887341410005
 : 690000 15.8432691428865863705 13.001532874973927 11.939238929658993532 -13.247215439771491796 0.07704726020821639185
 : 700000 16.03216275143405546 13.001532874973927 11.939026467717335314 -13.249752051086370205 0.07617702977157649123
 : 710000 16.207977374045041949 13.001532874973927 11.938751906162903807 -13.25303001105972199 0.0754147656656240987
 : 720000 16.412342973285783294 13.001532874973927 11.938629939572162933 -13.254486132489493158 0.074520038781770385514
 : 730000 16.622937909035171837 13.001532874973927 11.938542538025182955 -13.2555295833955180465 0.073645348897817466866
 : 740000 16.86711720941999607 13.001532874973927 11.938624357106642131 -13.254552779463914476 0.07268631050504811067
 : 750000 17.092899660165540692 13.001532874973927 11.938613814271375378 -13.2546786463582474055 0.07178699397195038278
 : 760000 17.523728830041961505 13.001532874973927 11.939589391541557496 -13.2430311302080569655 0.07064547212611513902
 : 770000 17.67080274804677186 13.001532874973927 11.939194542129520114 -13.247745392106245826 0.07007841491805075727
 : 780000 17.854603873312037276 13.001532874973927 11.938980478442751747 -13.250301117195347839 0.06938844018285984706
 : 790000 18.124841651273579836 13.001532874973927 11.939171702904582902 -13.2480180737951475575 0.06849895513939850642
 : 800000 18.311664502254336367 13.001532874973927 11.938977049192863355 -13.250342058936941177 0.06783728294875116488
 : 810000 18.458504680910153997 13.001532874973927 11.938605524254918364 -13.254777617628879467 0.06733113214219698912
 : 820000 18.68772908938509541 13.001532874973927 11.938611537925164057 -13.254705822773981079 0.066574562655464795434
 : 830000 18.844026981343582993 13.001532874973927 11.938293868793111668 -13.258498300682305671 0.066064757198777287716
 : 840000 19.058126666251998374 13.001532874973927 11.938237028337243129 -13.2591768771326817405 0.065382302153989344894
 : 850000 19.259684861588227438 13.001532874973927 11.938126959568137047 -13.26049089813012051 0.06476886656604473069
 : 860000 19.453173864784078433 13.001532874973927 11.937984570703028 -13.2621907443421266845 0.064170338157597680245
 : 870000 19.89085370247105545 13.001532874973927 11.938879910481131098 -13.251501791068936095 0.06345287930975040316
 : 880000 20.019210318229152566 13.001532874973927 11.938461406559194644 -13.2564981715622344435 0.06306220039615923488
 : 890000 20.337453299605860863 13.001532874973927 11.938836012820085189 -13.25202587900901189 0.06259073300292659621
 : 900000 20.531876504038363373 13.001532874973927 11.938697066557144018 -13.253684726003828714 0.06202670994644583085
 : 910000 20.716754448982953091 13.001532874973927 11.938522364514579705 -13.255770425506510989 0.061528186991735322076
 : 920000 20.885934139671141433 13.001532874973927 11.938288169720466759 -13.258566337870080473 0.0610497940355074033
 : 930000 21.028784932136563919 13.001532874973927 11.9379535583802742936 -13.262560968491780004 0.06064939078871041176
 : 940000 21.139422845329288995 13.001532874973927 11.9374972050441638186 -13.26800878929529507 0.060347091677828575505
 : 950000 21.314697926006369358 13.001532874973927 11.9373024465817609355 -13.270333698930458853 0.059876879790632417713
 : 960000 21.481832902567105448 13.001532874973927 11.93707956488156995 -13.272994280357320866 0.05943852335849834396
 : 970000 21.659598454295420628 13.001532874973927 11.9369018248689161945 -13.2751159612344757505 0.058975100791462087274
 : 980000 21.816581264424849957 13.001532874973927 11.9366475758005831055 -13.2781508750809378525 0.05857593306896845232
 : 990000 21.938417382592690882 13.001532874973927 11.936263597306464664 -13.282734217322174325 0.058264464753485648453
 : 1000000 22.106417987549121355 13.001532874973927 11.936060711224357108 -13.2851558984970537225 0.057846233730496334176
 : 1010000 22.277822543806108052 13.001532874973927 11.935874163711633633 -13.287382523534461767 0.057419163972174474538
 : 1020000 22.528400162047731332 13.001532874973927 11.935985823833174597 -13.286049756140652707 0.056827526797758525843
 : 1030000 22.690240377176042325 13.001532874973927 11.935768158643206342 -13.288647781073388288 0.056454694836441239043
 : 1040000 22.8884142164463399 13.001532874973927 11.935687229309018068 -13.289613731568714318 0.055992113040032985396
 : 1050000 23.102579441532928355 13.001532874973927 11.935665778601253756 -13.289869760277370027 0.055524469950902402943
 : 1060000 23.348336151487794335 13.001532874973927 11.935758165657765308 -13.288767054980895291 0.05500812456000402902
 : 1070000 23.55129451530118771 13.001532874973927 11.935696612871579895 -13.289501732256854077 0.05458426314326320928
 : 1080000 23.720351253781547067 13.001532874973927 11.935516496507262766 -13.291651530315404424 0.054213011313430551065
 : 1090000 23.88954511034973759 13.001532874973927 11.935339785853207689 -13.293760647628659749 0.053863042421982062978
 : 1100000 24.025538239723580375 13.001532874973927 11.9350502182517867735 -13.297216693417895 0.05357366552669314003
 : 1110000 24.404603285116389329 13.001532874973927 11.9356035822562113686 -13.290612113130253855 0.05366094941589177437
 : 1120000 24.764773632702781363 13.001532874973927 11.936079609155959097 -13.284930331459569905 0.053025065388574674035
 : 1130000 24.926557786906103513 13.001532874973927 11.935880433224891231 -13.28730769139349796 0.052693469274459172314
 : 1140000 25.084947454175906769 13.001532874973927 11.935672949506721748 -13.2897841707206631826 0.052379120821341736814
 : 1150000 25.350905119856674672 13.001532874973927 11.935824828634719201 -13.287971379587394556 0.051921109771160367647
 : 1160000 25.951315400811830216 13.001532874973927 11.937060523512884394